 
****************************************
Report : area
Design : tpu
Version: T-2022.03
Date   : Mon Feb 27 22:10:41 2023
****************************************

Library(s) Used:

    slow (File: /home/nfs_cad/lib/CBDK_IC_Contest_v2.1/SynopsysDC/db/slow.db)

Number of ports:                          235
Number of nets:                          3206
Number of cells:                         2540
Number of combinational cells:           1971
Number of sequential cells:               503
Number of macros/black boxes:               0
Number of buf/inv:                        248
Number of references:                      62

Combinational area:              24206.621389
Buf/Inv area:                     2293.187368
Noncombinational area:           16230.538254
Macro/Black Box area:                0.000000
Net Interconnect area:          309868.253418

Total cell area:                 40437.159643
Total area:                     350305.413061
1
